c:\users\herre\onedrive\desktop\ie\illusionsdk\illusion\illusion-engine\primal-master\engine\x64\debug\d3d12gpass.obj
c:\users\herre\onedrive\desktop\ie\illusionsdk\illusion\illusion-engine\primal-master\engine\x64\debug\input.obj
c:\users\herre\onedrive\desktop\ie\illusionsdk\illusion\illusion-engine\primal-master\engine\x64\debug\contenttoengine.obj
c:\users\herre\onedrive\desktop\ie\illusionsdk\illusion\illusion-engine\primal-master\engine\x64\debug\d3d12postprocess.obj
c:\users\herre\onedrive\desktop\ie\illusionsdk\illusion\illusion-engine\primal-master\engine\x64\debug\d3d12helpers.obj
c:\users\herre\onedrive\desktop\ie\illusionsdk\illusion\illusion-engine\primal-master\engine\x64\debug\d3d12upload.obj
c:\users\herre\onedrive\desktop\ie\illusionsdk\illusion\illusion-engine\primal-master\engine\x64\debug\d3d12camera.obj
c:\users\herre\onedrive\desktop\ie\illusionsdk\illusion\illusion-engine\primal-master\engine\x64\debug\d3d12surface.obj
c:\users\herre\onedrive\desktop\ie\illusionsdk\illusion\illusion-engine\primal-master\engine\x64\debug\script.obj
c:\users\herre\onedrive\desktop\ie\illusionsdk\illusion\illusion-engine\primal-master\engine\x64\debug\d3d12resources.obj
c:\users\herre\onedrive\desktop\ie\illusionsdk\illusion\illusion-engine\primal-master\engine\x64\debug\transform.obj
c:\users\herre\onedrive\desktop\ie\illusionsdk\illusion\illusion-engine\primal-master\engine\x64\debug\d3d12lightculling.obj
c:\users\herre\onedrive\desktop\ie\illusionsdk\illusion\illusion-engine\primal-master\engine\x64\debug\mainwin32.obj
c:\users\herre\onedrive\desktop\ie\illusionsdk\illusion\illusion-engine\primal-master\engine\x64\debug\d3d12shaders.obj
c:\users\herre\onedrive\desktop\ie\illusionsdk\illusion\illusion-engine\primal-master\engine\x64\debug\d3d12core.obj
c:\users\herre\onedrive\desktop\ie\illusionsdk\illusion\illusion-engine\primal-master\engine\x64\debug\renderer.obj
c:\users\herre\onedrive\desktop\ie\illusionsdk\illusion\illusion-engine\primal-master\engine\x64\debug\window.obj
c:\users\herre\onedrive\desktop\ie\illusionsdk\illusion\illusion-engine\primal-master\engine\x64\debug\entity.obj
c:\users\herre\onedrive\desktop\ie\illusionsdk\illusion\illusion-engine\primal-master\engine\x64\debug\d3d12light.obj
c:\users\herre\onedrive\desktop\ie\illusionsdk\illusion\illusion-engine\primal-master\engine\x64\debug\enginewin32.obj
c:\users\herre\onedrive\desktop\ie\illusionsdk\illusion\illusion-engine\primal-master\engine\x64\debug\d3d12interface.obj
c:\users\herre\onedrive\desktop\ie\illusionsdk\illusion\illusion-engine\primal-master\engine\x64\debug\d3d12content.obj
c:\users\herre\onedrive\desktop\ie\illusionsdk\illusion\illusion-engine\primal-master\engine\x64\debug\inputwin32.obj
c:\users\herre\onedrive\desktop\ie\illusionsdk\illusion\illusion-engine\primal-master\engine\x64\debug\contentloaderwin32.obj
c:\users\herre\onedrive\desktop\ie\illusionsdk\illusion\illusion-engine\primal-master\engine\x64\debug\platformwin32.obj
c:\users\herre\onedrive\desktop\ie\illusionsdk\illusion\illusion-engine\primal-master\x64\debug\engine.pdb
c:\users\herre\onedrive\desktop\ie\illusionsdk\illusion\illusion-engine\primal-master\x64\debug\engine.lib
c:\users\herre\onedrive\desktop\ie\illusionsdk\illusion\illusion-engine\primal-master\engine\x64\debug\engine.tlog\cl.13648.write.1.tlog
c:\users\herre\onedrive\desktop\ie\illusionsdk\illusion\illusion-engine\primal-master\engine\x64\debug\engine.tlog\cl.command.1.tlog
c:\users\herre\onedrive\desktop\ie\illusionsdk\illusion\illusion-engine\primal-master\engine\x64\debug\engine.tlog\cl.items.tlog
c:\users\herre\onedrive\desktop\ie\illusionsdk\illusion\illusion-engine\primal-master\engine\x64\debug\engine.tlog\cl.read.1.tlog
c:\users\herre\onedrive\desktop\ie\illusionsdk\illusion\illusion-engine\primal-master\engine\x64\debug\engine.tlog\lib-link.read.1.tlog
c:\users\herre\onedrive\desktop\ie\illusionsdk\illusion\illusion-engine\primal-master\engine\x64\debug\engine.tlog\lib-link.write.1.tlog
c:\users\herre\onedrive\desktop\ie\illusionsdk\illusion\illusion-engine\primal-master\engine\x64\debug\engine.tlog\lib.command.1.tlog
