cl : command line  warning D9002: ignoring unknown option '/ignore:C1083,C4100,E1696'
  ContentTools.cpp
  FbxImporter.cpp
  Geometry.cpp
C:\Users\herre\OneDrive\Desktop\ie\IllusionSDK\Illusion\Illusion-Engine\illusion-master\ContentTools\ToolsCommon.h(5,10): error C1083: Cannot open include file: 'CommonHeaders.h': No such file or directory
  (compiling source file 'ContentTools.cpp')
  
C:\Users\herre\OneDrive\Desktop\ie\IllusionSDK\Illusion\Illusion-Engine\illusion-master\ContentTools\ToolsCommon.h(5,10): error C1083: Cannot open include file: 'CommonHeaders.h': No such file or directory
  (compiling source file 'FbxImporter.cpp')
  
C:\Users\herre\OneDrive\Desktop\ie\IllusionSDK\Illusion\Illusion-Engine\illusion-master\ContentTools\ToolsCommon.h(5,10): error C1083: Cannot open include file: 'CommonHeaders.h': No such file or directory
  (compiling source file 'Geometry.cpp')
  
  NormalMapIdentification.cpp
C:\Users\herre\OneDrive\Desktop\ie\IllusionSDK\Illusion\Illusion-Engine\illusion-master\ContentTools\ToolsCommon.h(5,10): error C1083: Cannot open include file: 'CommonHeaders.h': No such file or directory
  (compiling source file 'NormalMapIdentification.cpp')
  
  PrimitiveMesh.cpp
C:\Users\herre\OneDrive\Desktop\ie\IllusionSDK\Illusion\Illusion-Engine\illusion-master\ContentTools\ToolsCommon.h(5,10): error C1083: Cannot open include file: 'CommonHeaders.h': No such file or directory
  (compiling source file 'PrimitiveMesh.cpp')
  
  TextureImporter.cpp
C:\Users\herre\OneDrive\Desktop\ie\IllusionSDK\Illusion\Illusion-Engine\illusion-master\ContentTools\ToolsCommon.h(5,10): error C1083: Cannot open include file: 'CommonHeaders.h': No such file or directory
  (compiling source file 'TextureImporter.cpp')
  
  Generating Code...
